[debug] [2025-09-26T16:44:23.236Z] ----------------------------------------------------------------------
[debug] [2025-09-26T16:44:23.238Z] Command:       C:\nvm4w\nodejs\node.exe C:\nvm4w\nodejs\node_modules\firebase-tools\lib\bin\firebase.js functions:shell
[debug] [2025-09-26T16:44:23.238Z] CLI Version:   14.17.0
[debug] [2025-09-26T16:44:23.238Z] Platform:      win32
[debug] [2025-09-26T16:44:23.238Z] Node Version:  v20.19.5
[debug] [2025-09-26T16:44:23.239Z] Time:          Fri Sep 26 2025 12:44:23 GMT-0400 (Eastern Daylight Time)
[debug] [2025-09-26T16:44:23.239Z] ----------------------------------------------------------------------
[debug] 
[debug] [2025-09-26T16:44:23.357Z] > command requires scopes: ["email","openid","https://www.googleapis.com/auth/cloudplatformprojects.readonly","https://www.googleapis.com/auth/firebase","https://www.googleapis.com/auth/cloud-platform"]
[debug] [2025-09-26T16:44:23.357Z] > authorizing via signed-in user (admin@simulatecx.com)
[debug] [2025-09-26T16:44:23.357Z] [iam] checking project simulatescale for permissions ["firebase.projects.get"]
[debug] [2025-09-26T16:44:23.358Z] Checked if tokens are valid: false, expires at: 1758905914405
[debug] [2025-09-26T16:44:23.358Z] Checked if tokens are valid: false, expires at: 1758905914405
[debug] [2025-09-26T16:44:23.358Z] > refreshing access token with scopes: []
[debug] [2025-09-26T16:44:23.359Z] >>> [apiv2][query] POST https://www.googleapis.com/oauth2/v3/token [none]
[debug] [2025-09-26T16:44:23.360Z] >>> [apiv2][body] POST https://www.googleapis.com/oauth2/v3/token [omitted]
[debug] [2025-09-26T16:44:23.577Z] <<< [apiv2][status] POST https://www.googleapis.com/oauth2/v3/token 200
[debug] [2025-09-26T16:44:23.578Z] <<< [apiv2][body] POST https://www.googleapis.com/oauth2/v3/token [omitted]
[debug] [2025-09-26T16:44:23.591Z] >>> [apiv2][query] POST https://cloudresourcemanager.googleapis.com/v1/projects/simulatescale:testIamPermissions [none]
[debug] [2025-09-26T16:44:23.591Z] >>> [apiv2][(partial)header] POST https://cloudresourcemanager.googleapis.com/v1/projects/simulatescale:testIamPermissions x-goog-quota-user=projects/simulatescale
[debug] [2025-09-26T16:44:23.591Z] >>> [apiv2][body] POST https://cloudresourcemanager.googleapis.com/v1/projects/simulatescale:testIamPermissions {"permissions":["firebase.projects.get"]}
[debug] [2025-09-26T16:44:23.877Z] <<< [apiv2][status] POST https://cloudresourcemanager.googleapis.com/v1/projects/simulatescale:testIamPermissions 200
[debug] [2025-09-26T16:44:23.878Z] <<< [apiv2][body] POST https://cloudresourcemanager.googleapis.com/v1/projects/simulatescale:testIamPermissions {"permissions":["firebase.projects.get"]}
[debug] [2025-09-26T16:44:23.878Z] Emulator locator file path: C:\Users\BRADSP~1\AppData\Local\Temp\hub-simulatescale.json
[debug] [2025-09-26T16:44:23.882Z] [functions] Functions Emulator only supports listening on one address (127.0.0.1). Not listening on ::1
[debug] [2025-09-26T16:44:23.908Z] defaultcredentials: writing to file C:\Users\BradsPC_2022\AppData\Roaming\firebase\admin_simulatecx_com_application_default_credentials.json
[debug] [2025-09-26T16:44:23.910Z] DEBUG: Setting GAC to C:\Users\BradsPC_2022\AppData\Roaming\firebase\admin_simulatecx_com_application_default_credentials.json
[debug] [2025-09-26T16:44:23.910Z] Checked if tokens are valid: true, expires at: 1758908662578
[debug] [2025-09-26T16:44:23.910Z] Checked if tokens are valid: true, expires at: 1758908662578
[debug] [2025-09-26T16:44:23.910Z] >>> [apiv2][query] GET https://firebase.googleapis.com/v1beta1/projects/simulatescale/adminSdkConfig [none]
[debug] [2025-09-26T16:44:24.202Z] <<< [apiv2][status] GET https://firebase.googleapis.com/v1beta1/projects/simulatescale/adminSdkConfig 200
[debug] [2025-09-26T16:44:24.202Z] <<< [apiv2][body] GET https://firebase.googleapis.com/v1beta1/projects/simulatescale/adminSdkConfig {"projectId":"simulatescale","storageBucket":"simulatescale.firebasestorage.app"}
[debug] [2025-09-26T16:44:24.208Z] [functions] Watching "E:\Development_Related\development_projects\price-transparency-app\functions" for Cloud Functions...
[debug] [2025-09-26T16:44:24.211Z] Validating nodejs source
[warn] !  functions: package.json indicates an outdated version of firebase-functions. Please upgrade using npm install --save firebase-functions@latest in your functions directory. 
[warn] !  functions: Please note that there will be breaking changes when you upgrade. 
[debug] [2025-09-26T16:44:24.819Z] > [functions] package.json contents: {
  "name": "functions",
  "description": "Cloud Functions for Firebase",
  "scripts": {
    "lint": "echo 'Skipping lint for deployment.'",
    "serve": "firebase emulators:start --only functions",
    "shell": "firebase functions:shell",
    "start": "npm run shell",
    "deploy": "firebase deploy --only functions",
    "logs": "firebase functions:log"
  },
  "engines": {
    "node": "20"
  },
  "main": "index.js",
  "dependencies": {
    "firebase-admin": "^12.0.0",
    "firebase-functions": "^5.0.1"
  },
  "private": true
}
[debug] [2025-09-26T16:44:24.819Z] Building nodejs source
[debug] [2025-09-26T16:44:24.819Z] Failed to find version of module node: reached end of search path E:\Development_Related\development_projects\price-transparency-app\functions\node_modules
[info] +  functions: Using node@20 from host. 
[debug] [2025-09-26T16:44:24.820Z] Could not find functions.yaml. Must use http discovery
[debug] [2025-09-26T16:44:24.825Z] Found firebase-functions binary at 'E:\Development_Related\development_projects\price-transparency-app\functions\node_modules\.bin\firebase-functions'
[info] Serving at port 8679

[debug] [2025-09-26T16:44:25.113Z] Got response from /__/functions.yaml {"endpoints":{"createUserProfile":{"availableMemoryMb":null,"timeoutSeconds":null,"minInstances":null,"maxInstances":null,"ingressSettings":null,"concurrency":null,"serviceAccountEmail":null,"vpc":null,"platform":"gcfv2","labels":{},"blockingTrigger":{"eventType":"providers/cloud.auth/eventTypes/user.beforeCreate","options":{"accessToken":false,"idToken":false,"refreshToken":false}},"entryPoint":"createUserProfile"}},"specVersion":"v1alpha1","requiredAPIs":[{"api":"identitytoolkit.googleapis.com","reason":"Needed for auth blocking functions"}],"extensions":{}}
[debug] [2025-09-26T16:44:29.149Z] [functions] Loaded functions definitions from source: createUserProfile.
[debug] [2025-09-26T16:44:29.150Z] addBlockingTrigger {"blockingTrigger":{"eventType":"providers/cloud.auth/eventTypes/user.beforeCreate","options":{"accessToken":false,"idToken":false,"refreshToken":false}}}
[debug] [2025-09-26T16:44:29.150Z] [functions[us-central1-createUserProfile]] providers/cloud.auth/eventTypes/user.beforeCreate function initialized (http://127.0.0.1:5000/simulatescale/us-central1/createUserProfile).
[info] i  functions: Loaded functions: createUserProfile 
[warn] !  functions: The following emulators are not running, calls to these services will affect production: firestore, database, pubsub, storage, eventarc, tasks 
